
  .   ____          _            __ _ _
 /\\ / ___'_ __ _ _(_)_ __  __ _ \ \ \ \
( ( )\___ | '_ | '_| | '_ \/ _` | \ \ \ \
 \\/  ___)| |_)| | | | | || (_| |  ) ) ) )
  '  |____| .__|_| |_|_| |_\__, | / / / /
 =========|_|==============|___/=/_/_/_/
 :: Spring Boot ::        (v2.1.0.RELEASE)

2021-01-12 16:25:28.294  INFO 3508 --- [           main] com.bryan.demo.DemoApplication           : Starting DemoApplication v0.0.1-SNAPSHOT with PID 3508 (/home/bryanfeng/pm/application/demo-0.0.1-SNAPSHOT.jar started by root in /home/bryanfeng/pm)
2021-01-12 16:25:28.298  INFO 3508 --- [           main] com.bryan.demo.DemoApplication           : No active profile set, falling back to default profiles: default
2021-01-12 16:25:30.932  INFO 3508 --- [           main] o.s.b.w.embedded.tomcat.TomcatWebServer  : Tomcat initialized with port(s): 8080 (http)
2021-01-12 16:25:30.959  INFO 3508 --- [           main] o.apache.catalina.core.StandardService   : Starting service [Tomcat]
2021-01-12 16:25:30.959  INFO 3508 --- [           main] org.apache.catalina.core.StandardEngine  : Starting Servlet Engine: Apache Tomcat/9.0.12
2021-01-12 16:25:30.970  INFO 3508 --- [           main] o.a.catalina.core.AprLifecycleListener   : The APR based Apache Tomcat Native library which allows optimal performance in production environments was not found on the java.library.path: [/usr/java/packages/lib/i386:/lib:/usr/lib]
2021-01-12 16:25:31.087  INFO 3508 --- [           main] o.a.c.c.C.[Tomcat].[localhost].[/]       : Initializing Spring embedded WebApplicationContext
2021-01-12 16:25:31.087  INFO 3508 --- [           main] o.s.web.context.ContextLoader            : Root WebApplicationContext: initialization completed in 2670 ms
2021-01-12 16:25:31.131  INFO 3508 --- [           main] o.s.b.w.servlet.ServletRegistrationBean  : Servlet dispatcherServlet mapped to [/]
2021-01-12 16:25:31.138  INFO 3508 --- [           main] o.s.b.w.servlet.FilterRegistrationBean   : Mapping filter: 'characterEncodingFilter' to: [/*]
2021-01-12 16:25:31.139  INFO 3508 --- [           main] o.s.b.w.servlet.FilterRegistrationBean   : Mapping filter: 'hiddenHttpMethodFilter' to: [/*]
2021-01-12 16:25:31.139  INFO 3508 --- [           main] o.s.b.w.servlet.FilterRegistrationBean   : Mapping filter: 'formContentFilter' to: [/*]
2021-01-12 16:25:31.139  INFO 3508 --- [           main] o.s.b.w.servlet.FilterRegistrationBean   : Mapping filter: 'requestContextFilter' to: [/*]
Loading class `com.mysql.jdbc.Driver'. This is deprecated. The new driver class is `com.mysql.cj.jdbc.Driver'. The driver is automatically registered via the SPI and manual loading of the driver class is generally unnecessary.
2021-01-12 16:25:31.806  INFO 3508 --- [           main] o.s.s.concurrent.ThreadPoolTaskExecutor  : Initializing ExecutorService 'applicationTaskExecutor'
2021-01-12 16:25:31.985  INFO 3508 --- [           main] o.s.b.a.w.s.WelcomePageHandlerMapping    : Adding welcome page template: index
2021-01-12 16:25:32.297  INFO 3508 --- [           main] o.s.b.w.embedded.tomcat.TomcatWebServer  : Tomcat started on port(s): 8080 (http) with context path ''
2021-01-12 16:25:32.300  INFO 3508 --- [           main] com.bryan.demo.DemoApplication           : Started DemoApplication in 4.658 seconds (JVM running for 5.566)
2021-01-12 16:25:33.277  INFO 3508 --- [nio-8080-exec-1] o.a.c.c.C.[Tomcat].[localhost].[/]       : Initializing Spring DispatcherServlet 'dispatcherServlet'
2021-01-12 16:25:33.277  INFO 3508 --- [nio-8080-exec-1] o.s.web.servlet.DispatcherServlet        : Initializing Servlet 'dispatcherServlet'
2021-01-12 16:25:33.295  INFO 3508 --- [nio-8080-exec-1] o.s.web.servlet.DispatcherServlet        : Completed initialization in 18 ms
2021-01-12 17:49:25.888  INFO 3508 --- [       Thread-3] o.s.s.concurrent.ThreadPoolTaskExecutor  : Shutting down ExecutorService 'applicationTaskExecutor'
